build/app/intermediates/manifest_merge_blame_file/debug/manifest-merger-blame-debug-report.txt
1<?xml version="1.0" encoding="utf-8"?>
2<manifest xmlns:android="http://schemas.android.com/apk/res/android"
3    package="com.example.nosso_cafofo"
4    android:versionCode="1"
5    android:versionName="1.0.0" >
6
7    <uses-sdk
8        android:minSdkVersion="19"
9        android:targetSdkVersion="31" />
10    <!--
11         The INTERNET permission is required for development. Specifically,
12         the Flutter tool needs it to communicate with the running application
13         to allow setting breakpoints, to provide hot reload, etc.
14    -->
15    <uses-permission android:name="android.permission.INTERNET" />
15-->src/debug/AndroidManifest.xml:7:5-66
15-->src/debug/AndroidManifest.xml:7:22-64
16    <uses-permission android:name="android.permission.ACCESS_NETWORK_STATE" />
16-->[com.google.firebase:firebase-auth:21.1.0] AndroidManifest.xml:24:5-79
16-->[com.google.firebase:firebase-auth:21.1.0] AndroidManifest.xml:24:22-76
17    <uses-permission android:name="android.permission.WAKE_LOCK" />
17-->[com.google.android.gms:play-services-measurement-api:21.2.0] AndroidManifest.xml:24:5-68
17-->[com.google.android.gms:play-services-measurement-api:21.2.0] AndroidManifest.xml:24:22-65
18    <uses-permission android:name="com.google.android.gms.permission.AD_ID" />
18-->[com.google.android.gms:play-services-measurement-api:21.2.0] AndroidManifest.xml:25:5-79
18-->[com.google.android.gms:play-services-measurement-api:21.2.0] AndroidManifest.xml:25:22-76
19    <uses-permission android:name="com.google.android.finsky.permission.BIND_GET_INSTALL_REFERRER_SERVICE" />
19-->[com.google.android.gms:play-services-measurement:21.2.0] AndroidManifest.xml:26:5-110
19-->[com.google.android.gms:play-services-measurement:21.2.0] AndroidManifest.xml:26:22-107
20
21    <application
22        android:name="io.flutter.app.FlutterMultiDexApplication"
23        android:appComponentFactory="androidx.core.app.CoreComponentFactory"
23-->[androidx.core:core:1.6.0] AndroidManifest.xml:24:18-86
24        android:debuggable="true"
25        android:icon="@mipmap/launcher_icon"
26        android:label="Nosso Cafofo" >
27        <activity
28            android:name="com.example.nosso_cafofo.MainActivity"
29            android:configChanges="orientation|keyboardHidden|keyboard|screenSize|smallestScreenSize|locale|layoutDirection|fontScale|screenLayout|density|uiMode"
30            android:exported="true"
31            android:hardwareAccelerated="true"
32            android:launchMode="singleTop"
33            android:theme="@style/LaunchTheme"
34            android:windowSoftInputMode="adjustResize" >
35
36            <!--
37                 Specifies an Android theme to apply to this Activity as soon as
38                 the Android process has started. This theme is visible to the user
39                 while the Flutter UI initializes. After that, this theme continues
40                 to determine the Window background behind the Flutter UI.
41            -->
42            <meta-data
43                android:name="io.flutter.embedding.android.NormalTheme"
44                android:resource="@style/NormalTheme" />
45
46            <intent-filter>
47                <action android:name="android.intent.action.MAIN" />
48
49                <category android:name="android.intent.category.LAUNCHER" />
50            </intent-filter>
51        </activity>
52        <!--
53             Don't delete the meta-data below.
54             This is used by the Flutter tool to generate GeneratedPluginRegistrant.java
55        -->
56        <meta-data
57            android:name="flutterEmbedding"
58            android:value="2" />
59
60        <service
60-->[:firebase_auth] AndroidManifest.xml:10:9-14:19
61            android:name="com.google.firebase.components.ComponentDiscoveryService"
61-->[:firebase_auth] AndroidManifest.xml:10:18-89
62            android:directBootAware="true"
62-->[com.google.firebase:firebase-common:20.2.0] AndroidManifest.xml:34:13-43
63            android:exported="false" >
63-->[com.google.firebase:firebase-analytics-ktx:21.2.0] AndroidManifest.xml:10:13-37
64            <meta-data
64-->[:firebase_auth] AndroidManifest.xml:11:13-13:85
65                android:name="com.google.firebase.components:io.flutter.plugins.firebase.auth.FlutterFirebaseAuthRegistrar"
65-->[:firebase_auth] AndroidManifest.xml:12:17-124
66                android:value="com.google.firebase.components.ComponentRegistrar" />
66-->[:firebase_auth] AndroidManifest.xml:13:17-82
67            <meta-data
67-->[:firebase_core] AndroidManifest.xml:11:13-13:85
68                android:name="com.google.firebase.components:io.flutter.plugins.firebase.core.FlutterFirebaseCoreRegistrar"
68-->[:firebase_core] AndroidManifest.xml:12:17-124
69                android:value="com.google.firebase.components.ComponentRegistrar" />
69-->[:firebase_core] AndroidManifest.xml:13:17-82
70            <meta-data
70-->[com.google.firebase:firebase-analytics-ktx:21.2.0] AndroidManifest.xml:11:13-13:85
71                android:name="com.google.firebase.components:com.google.firebase.analytics.ktx.FirebaseAnalyticsKtxRegistrar"
71-->[com.google.firebase:firebase-analytics-ktx:21.2.0] AndroidManifest.xml:12:17-126
72                android:value="com.google.firebase.components.ComponentRegistrar" />
72-->[com.google.firebase:firebase-analytics-ktx:21.2.0] AndroidManifest.xml:13:17-82
73            <meta-data
73-->[com.google.firebase:firebase-common-ktx:20.2.0] AndroidManifest.xml:14:13-16:85
74                android:name="com.google.firebase.components:com.google.firebase.ktx.FirebaseCommonKtxRegistrar"
74-->[com.google.firebase:firebase-common-ktx:20.2.0] AndroidManifest.xml:15:17-113
75                android:value="com.google.firebase.components.ComponentRegistrar" />
75-->[com.google.firebase:firebase-common-ktx:20.2.0] AndroidManifest.xml:16:17-82
76            <meta-data
76-->[com.google.firebase:firebase-auth:21.1.0] AndroidManifest.xml:67:13-69:85
77                android:name="com.google.firebase.components:com.google.firebase.auth.FirebaseAuthRegistrar"
77-->[com.google.firebase:firebase-auth:21.1.0] AndroidManifest.xml:68:17-109
78                android:value="com.google.firebase.components.ComponentRegistrar" />
78-->[com.google.firebase:firebase-auth:21.1.0] AndroidManifest.xml:69:17-82
79            <meta-data
79-->[com.google.android.gms:play-services-measurement-api:21.2.0] AndroidManifest.xml:31:13-33:85
80                android:name="com.google.firebase.components:com.google.firebase.analytics.connector.internal.AnalyticsConnectorRegistrar"
80-->[com.google.android.gms:play-services-measurement-api:21.2.0] AndroidManifest.xml:32:17-139
81                android:value="com.google.firebase.components.ComponentRegistrar" />
81-->[com.google.android.gms:play-services-measurement-api:21.2.0] AndroidManifest.xml:33:17-82
82            <meta-data
82-->[com.google.firebase:firebase-installations:17.1.0] AndroidManifest.xml:17:13-19:85
83                android:name="com.google.firebase.components:com.google.firebase.installations.FirebaseInstallationsRegistrar"
83-->[com.google.firebase:firebase-installations:17.1.0] AndroidManifest.xml:18:17-127
84                android:value="com.google.firebase.components.ComponentRegistrar" />
84-->[com.google.firebase:firebase-installations:17.1.0] AndroidManifest.xml:19:17-82
85        </service>
86
87        <uses-library
87-->[androidx.window:window:1.0.0-beta04] AndroidManifest.xml:25:9-27:40
88            android:name="androidx.window.extensions"
88-->[androidx.window:window:1.0.0-beta04] AndroidManifest.xml:26:13-54
89            android:required="false" />
89-->[androidx.window:window:1.0.0-beta04] AndroidManifest.xml:27:13-37
90        <uses-library
90-->[androidx.window:window:1.0.0-beta04] AndroidManifest.xml:28:9-30:40
91            android:name="androidx.window.sidecar"
91-->[androidx.window:window:1.0.0-beta04] AndroidManifest.xml:29:13-51
92            android:required="false" />
92-->[androidx.window:window:1.0.0-beta04] AndroidManifest.xml:30:13-37
93
94        <activity
94-->[com.google.firebase:firebase-auth:21.1.0] AndroidManifest.xml:27:9-44:20
95            android:name="com.google.firebase.auth.internal.GenericIdpActivity"
95-->[com.google.firebase:firebase-auth:21.1.0] AndroidManifest.xml:28:13-80
96            android:excludeFromRecents="true"
96-->[com.google.firebase:firebase-auth:21.1.0] AndroidManifest.xml:29:13-46
97            android:exported="true"
97-->[com.google.firebase:firebase-auth:21.1.0] AndroidManifest.xml:30:13-36
98            android:launchMode="singleTask"
98-->[com.google.firebase:firebase-auth:21.1.0] AndroidManifest.xml:31:13-44
99            android:theme="@android:style/Theme.Translucent.NoTitleBar" >
99-->[com.google.firebase:firebase-auth:21.1.0] AndroidManifest.xml:32:13-72
100            <intent-filter>
100-->[com.google.firebase:firebase-auth:21.1.0] AndroidManifest.xml:33:13-43:29
101                <action android:name="android.intent.action.VIEW" />
101-->[com.google.firebase:firebase-auth:21.1.0] AndroidManifest.xml:34:17-69
101-->[com.google.firebase:firebase-auth:21.1.0] AndroidManifest.xml:34:25-66
102
103                <category android:name="android.intent.category.DEFAULT" />
103-->[com.google.firebase:firebase-auth:21.1.0] AndroidManifest.xml:36:17-76
103-->[com.google.firebase:firebase-auth:21.1.0] AndroidManifest.xml:36:27-73
104                <category android:name="android.intent.category.BROWSABLE" />
104-->[com.google.firebase:firebase-auth:21.1.0] AndroidManifest.xml:37:17-78
104-->[com.google.firebase:firebase-auth:21.1.0] AndroidManifest.xml:37:27-75
105
106                <data
106-->[com.google.firebase:firebase-auth:21.1.0] AndroidManifest.xml:39:17-42:51
107                    android:host="firebase.auth"
107-->[com.google.firebase:firebase-auth:21.1.0] AndroidManifest.xml:40:21-49
108                    android:path="/"
108-->[com.google.firebase:firebase-auth:21.1.0] AndroidManifest.xml:41:21-37
109                    android:scheme="genericidp" />
109-->[com.google.firebase:firebase-auth:21.1.0] AndroidManifest.xml:42:21-48
110            </intent-filter>
111        </activity>
112        <activity
112-->[com.google.firebase:firebase-auth:21.1.0] AndroidManifest.xml:45:9-62:20
113            android:name="com.google.firebase.auth.internal.RecaptchaActivity"
113-->[com.google.firebase:firebase-auth:21.1.0] AndroidManifest.xml:46:13-79
114            android:excludeFromRecents="true"
114-->[com.google.firebase:firebase-auth:21.1.0] AndroidManifest.xml:47:13-46
115            android:exported="true"
115-->[com.google.firebase:firebase-auth:21.1.0] AndroidManifest.xml:48:13-36
116            android:launchMode="singleTask"
116-->[com.google.firebase:firebase-auth:21.1.0] AndroidManifest.xml:49:13-44
117            android:theme="@android:style/Theme.Translucent.NoTitleBar" >
117-->[com.google.firebase:firebase-auth:21.1.0] AndroidManifest.xml:50:13-72
118            <intent-filter>
118-->[com.google.firebase:firebase-auth:21.1.0] AndroidManifest.xml:51:13-61:29
119                <action android:name="android.intent.action.VIEW" />
119-->[com.google.firebase:firebase-auth:21.1.0] AndroidManifest.xml:34:17-69
119-->[com.google.firebase:firebase-auth:21.1.0] AndroidManifest.xml:34:25-66
120
121                <category android:name="android.intent.category.DEFAULT" />
121-->[com.google.firebase:firebase-auth:21.1.0] AndroidManifest.xml:36:17-76
121-->[com.google.firebase:firebase-auth:21.1.0] AndroidManifest.xml:36:27-73
122                <category android:name="android.intent.category.BROWSABLE" />
122-->[com.google.firebase:firebase-auth:21.1.0] AndroidManifest.xml:37:17-78
122-->[com.google.firebase:firebase-auth:21.1.0] AndroidManifest.xml:37:27-75
123
124                <data
124-->[com.google.firebase:firebase-auth:21.1.0] AndroidManifest.xml:39:17-42:51
125                    android:host="firebase.auth"
125-->[com.google.firebase:firebase-auth:21.1.0] AndroidManifest.xml:40:21-49
126                    android:path="/"
126-->[com.google.firebase:firebase-auth:21.1.0] AndroidManifest.xml:41:21-37
127                    android:scheme="recaptcha" />
127-->[com.google.firebase:firebase-auth:21.1.0] AndroidManifest.xml:42:21-48
128            </intent-filter>
129        </activity>
130
131        <provider
131-->[com.google.firebase:firebase-common:20.2.0] AndroidManifest.xml:25:9-30:39
132            android:name="com.google.firebase.provider.FirebaseInitProvider"
132-->[com.google.firebase:firebase-common:20.2.0] AndroidManifest.xml:26:13-77
133            android:authorities="com.example.nosso_cafofo.firebaseinitprovider"
133-->[com.google.firebase:firebase-common:20.2.0] AndroidManifest.xml:27:13-72
134            android:directBootAware="true"
134-->[com.google.firebase:firebase-common:20.2.0] AndroidManifest.xml:28:13-43
135            android:exported="false"
135-->[com.google.firebase:firebase-common:20.2.0] AndroidManifest.xml:29:13-37
136            android:initOrder="100" />
136-->[com.google.firebase:firebase-common:20.2.0] AndroidManifest.xml:30:13-36
137
138        <activity
138-->[com.google.android.gms:play-services-auth:20.0.1] AndroidManifest.xml:23:9-27:75
139            android:name="com.google.android.gms.auth.api.signin.internal.SignInHubActivity"
139-->[com.google.android.gms:play-services-auth:20.0.1] AndroidManifest.xml:24:13-93
140            android:excludeFromRecents="true"
140-->[com.google.android.gms:play-services-auth:20.0.1] AndroidManifest.xml:25:13-46
141            android:exported="false"
141-->[com.google.android.gms:play-services-auth:20.0.1] AndroidManifest.xml:26:13-37
142            android:theme="@android:style/Theme.Translucent.NoTitleBar" />
142-->[com.google.android.gms:play-services-auth:20.0.1] AndroidManifest.xml:27:13-72
143        <!--
144            Service handling Google Sign-In user revocation. For apps that do not integrate with
145            Google Sign-In, this service will never be started.
146        -->
147        <service
147-->[com.google.android.gms:play-services-auth:20.0.1] AndroidManifest.xml:33:9-37:51
148            android:name="com.google.android.gms.auth.api.signin.RevocationBoundService"
148-->[com.google.android.gms:play-services-auth:20.0.1] AndroidManifest.xml:34:13-89
149            android:exported="true"
149-->[com.google.android.gms:play-services-auth:20.0.1] AndroidManifest.xml:35:13-36
150            android:permission="com.google.android.gms.auth.api.signin.permission.REVOCATION_NOTIFICATION"
150-->[com.google.android.gms:play-services-auth:20.0.1] AndroidManifest.xml:36:13-107
151            android:visibleToInstantApps="true" />
151-->[com.google.android.gms:play-services-auth:20.0.1] AndroidManifest.xml:37:13-48
152
153        <activity
153-->[com.google.android.gms:play-services-base:18.0.1] AndroidManifest.xml:20:9-22:45
154            android:name="com.google.android.gms.common.api.GoogleApiActivity"
154-->[com.google.android.gms:play-services-base:18.0.1] AndroidManifest.xml:20:19-85
155            android:exported="false"
155-->[com.google.android.gms:play-services-base:18.0.1] AndroidManifest.xml:22:19-43
156            android:theme="@android:style/Theme.Translucent.NoTitleBar" />
156-->[com.google.android.gms:play-services-base:18.0.1] AndroidManifest.xml:21:19-78
157
158        <receiver
158-->[com.google.android.gms:play-services-measurement:21.2.0] AndroidManifest.xml:29:9-33:20
159            android:name="com.google.android.gms.measurement.AppMeasurementReceiver"
159-->[com.google.android.gms:play-services-measurement:21.2.0] AndroidManifest.xml:30:13-85
160            android:enabled="true"
160-->[com.google.android.gms:play-services-measurement:21.2.0] AndroidManifest.xml:31:13-35
161            android:exported="false" >
161-->[com.google.android.gms:play-services-measurement:21.2.0] AndroidManifest.xml:32:13-37
162        </receiver>
163
164        <service
164-->[com.google.android.gms:play-services-measurement:21.2.0] AndroidManifest.xml:35:9-38:40
165            android:name="com.google.android.gms.measurement.AppMeasurementService"
165-->[com.google.android.gms:play-services-measurement:21.2.0] AndroidManifest.xml:36:13-84
166            android:enabled="true"
166-->[com.google.android.gms:play-services-measurement:21.2.0] AndroidManifest.xml:37:13-35
167            android:exported="false" />
167-->[com.google.android.gms:play-services-measurement:21.2.0] AndroidManifest.xml:38:13-37
168        <service
168-->[com.google.android.gms:play-services-measurement:21.2.0] AndroidManifest.xml:39:9-43:72
169            android:name="com.google.android.gms.measurement.AppMeasurementJobService"
169-->[com.google.android.gms:play-services-measurement:21.2.0] AndroidManifest.xml:40:13-87
170            android:enabled="true"
170-->[com.google.android.gms:play-services-measurement:21.2.0] AndroidManifest.xml:41:13-35
171            android:exported="false"
171-->[com.google.android.gms:play-services-measurement:21.2.0] AndroidManifest.xml:42:13-37
172            android:permission="android.permission.BIND_JOB_SERVICE" />
172-->[com.google.android.gms:play-services-measurement:21.2.0] AndroidManifest.xml:43:13-69
173
174        <meta-data
174-->[com.google.android.gms:play-services-basement:18.1.0] AndroidManifest.xml:21:9-23:69
175            android:name="com.google.android.gms.version"
175-->[com.google.android.gms:play-services-basement:18.1.0] AndroidManifest.xml:22:13-58
176            android:value="@integer/google_play_services_version" />
176-->[com.google.android.gms:play-services-basement:18.1.0] AndroidManifest.xml:23:13-66
177    </application>
178
179</manifest>